<?xml version="1.0" encoding="UTF-8"?>
<testng-results skipped="0" failed="3" ignored="0" total="13" passed="10">
  <reporter-output>
  </reporter-output>
  <suite name="Default suite" duration-ms="334320" started-at="2022-08-16T23:23:48 IST" finished-at="2022-08-16T23:29:22 IST">
    <groups>
    </groups>
    <test name="Default test" duration-ms="334320" started-at="2022-08-16T23:23:48 IST" finished-at="2022-08-16T23:29:22 IST">
      <class name="com.testCases.HomePageTest">
        <test-method status="PASS" signature="reportSetup()[pri:0, instance:com.testCases.HomePageTest@10d59286]" name="reportSetup" is-config="true" duration-ms="454" started-at="2022-08-16T23:23:47 IST" finished-at="2022-08-16T23:23:48 IST">
          <reporter-output>
          </reporter-output>
        </test-method> <!-- reportSetup -->
        <test-method status="PASS" signature="setup()[pri:0, instance:com.testCases.HomePageTest@10d59286]" name="setup" is-config="true" duration-ms="71395" started-at="2022-08-16T23:24:06 IST" finished-at="2022-08-16T23:25:18 IST">
          <reporter-output>
          </reporter-output>
        </test-method> <!-- setup -->
        <test-method status="PASS" signature="addItemToCart(java.lang.String,java.lang.String)[pri:0, instance:com.testCases.HomePageTest@10d59286]" name="addItemToCart" duration-ms="11043" started-at="2022-08-16T23:25:18 IST" data-provider="credentials" finished-at="2022-08-16T23:25:29 IST">
          <params>
            <param index="0">
              <value>
                <![CDATA[Rahulkumar]]>
              </value>
            </param>
            <param index="1">
              <value>
                <![CDATA[Kum@r123]]>
              </value>
            </param>
          </params>
          <reporter-output>
          </reporter-output>
        </test-method> <!-- addItemToCart -->
        <test-method status="PASS" signature="tearDown()[pri:0, instance:com.testCases.HomePageTest@10d59286]" name="tearDown" is-config="true" duration-ms="4936" started-at="2022-08-16T23:25:29 IST" finished-at="2022-08-16T23:25:34 IST">
          <reporter-output>
          </reporter-output>
        </test-method> <!-- tearDown -->
        <test-method status="PASS" signature="setup()[pri:0, instance:com.testCases.HomePageTest@10d59286]" name="setup" is-config="true" duration-ms="31530" started-at="2022-08-16T23:25:34 IST" finished-at="2022-08-16T23:26:06 IST">
          <reporter-output>
          </reporter-output>
        </test-method> <!-- setup -->
        <test-method status="PASS" signature="checkoutTest(java.lang.String,java.lang.String)[pri:0, instance:com.testCases.HomePageTest@10d59286]" name="checkoutTest" duration-ms="9102" started-at="2022-08-16T23:26:06 IST" data-provider="credentials" finished-at="2022-08-16T23:26:15 IST">
          <params>
            <param index="0">
              <value>
                <![CDATA[Rahulkumar]]>
              </value>
            </param>
            <param index="1">
              <value>
                <![CDATA[Kum@r123]]>
              </value>
            </param>
          </params>
          <reporter-output>
          </reporter-output>
        </test-method> <!-- checkoutTest -->
        <test-method status="PASS" signature="tearDown()[pri:0, instance:com.testCases.HomePageTest@10d59286]" name="tearDown" is-config="true" duration-ms="2862" started-at="2022-08-16T23:26:15 IST" finished-at="2022-08-16T23:26:18 IST">
          <reporter-output>
          </reporter-output>
        </test-method> <!-- tearDown -->
        <test-method status="PASS" signature="setup()[pri:0, instance:com.testCases.HomePageTest@10d59286]" name="setup" is-config="true" duration-ms="6798" started-at="2022-08-16T23:26:18 IST" finished-at="2022-08-16T23:26:25 IST">
          <reporter-output>
          </reporter-output>
        </test-method> <!-- setup -->
        <test-method status="PASS" signature="compareTest(java.lang.String,java.lang.String)[pri:0, instance:com.testCases.HomePageTest@10d59286]" name="compareTest" duration-ms="5347" started-at="2022-08-16T23:26:25 IST" data-provider="credentials" finished-at="2022-08-16T23:26:30 IST">
          <params>
            <param index="0">
              <value>
                <![CDATA[Rahulkumar]]>
              </value>
            </param>
            <param index="1">
              <value>
                <![CDATA[Kum@r123]]>
              </value>
            </param>
          </params>
          <reporter-output>
          </reporter-output>
        </test-method> <!-- compareTest -->
        <test-method status="PASS" signature="tearDown()[pri:0, instance:com.testCases.HomePageTest@10d59286]" name="tearDown" is-config="true" duration-ms="2567" started-at="2022-08-16T23:26:30 IST" finished-at="2022-08-16T23:26:32 IST">
          <reporter-output>
          </reporter-output>
        </test-method> <!-- tearDown -->
        <test-method status="PASS" signature="setup()[pri:0, instance:com.testCases.HomePageTest@10d59286]" name="setup" is-config="true" duration-ms="8644" started-at="2022-08-16T23:26:33 IST" finished-at="2022-08-16T23:26:41 IST">
          <reporter-output>
          </reporter-output>
        </test-method> <!-- setup -->
        <test-method status="PASS" signature="displayOfButtonsTest(java.lang.String,java.lang.String)[pri:0, instance:com.testCases.HomePageTest@10d59286]" name="displayOfButtonsTest" duration-ms="4048" started-at="2022-08-16T23:26:41 IST" data-provider="credentials" finished-at="2022-08-16T23:26:45 IST">
          <params>
            <param index="0">
              <value>
                <![CDATA[Rahulkumar]]>
              </value>
            </param>
            <param index="1">
              <value>
                <![CDATA[Kum@r123]]>
              </value>
            </param>
          </params>
          <reporter-output>
          </reporter-output>
        </test-method> <!-- displayOfButtonsTest -->
        <test-method status="PASS" signature="tearDown()[pri:0, instance:com.testCases.HomePageTest@10d59286]" name="tearDown" is-config="true" duration-ms="1117" started-at="2022-08-16T23:26:45 IST" finished-at="2022-08-16T23:26:46 IST">
          <reporter-output>
          </reporter-output>
        </test-method> <!-- tearDown -->
        <test-method status="PASS" signature="setup()[pri:0, instance:com.testCases.HomePageTest@10d59286]" name="setup" is-config="true" duration-ms="9667" started-at="2022-08-16T23:26:46 IST" finished-at="2022-08-16T23:26:56 IST">
          <reporter-output>
          </reporter-output>
        </test-method> <!-- setup -->
        <test-method status="FAIL" signature="homePageTitleTest(java.lang.String,java.lang.String)[pri:0, instance:com.testCases.HomePageTest@10d59286]" name="homePageTitleTest" duration-ms="1394" started-at="2022-08-16T23:26:56 IST" data-provider="credentials" finished-at="2022-08-16T23:26:58 IST">
          <params>
            <param index="0">
              <value>
                <![CDATA[Rahulkumar]]>
              </value>
            </param>
            <param index="1">
              <value>
                <![CDATA[Kum@r123]]>
              </value>
            </param>
          </params>
          <exception class="java.lang.AssertionError">
            <message>
              <![CDATA[expected [Home] but found [Login]]]>
            </message>
            <full-stacktrace>
              <![CDATA[java.lang.AssertionError: expected [Home] but found [Login]
at org.testng.Assert.fail(Assert.java:99)
at org.testng.Assert.failNotEquals(Assert.java:1037)
at org.testng.Assert.assertEqualsImpl(Assert.java:140)
at org.testng.Assert.assertEquals(Assert.java:122)
at org.testng.Assert.assertEquals(Assert.java:629)
at org.testng.Assert.assertEquals(Assert.java:639)
at com.testCases.HomePageTest.homePageTitleTest(HomePageTest.java:47)
at sun.reflect.NativeMethodAccessorImpl.invoke0(Native Method)
at sun.reflect.NativeMethodAccessorImpl.invoke(NativeMethodAccessorImpl.java:62)
at sun.reflect.DelegatingMethodAccessorImpl.invoke(DelegatingMethodAccessorImpl.java:43)
at java.lang.reflect.Method.invoke(Method.java:498)
at org.testng.internal.MethodInvocationHelper.invokeMethod(MethodInvocationHelper.java:133)
at org.testng.internal.TestInvoker.invokeMethod(TestInvoker.java:598)
at org.testng.internal.TestInvoker.invokeTestMethod(TestInvoker.java:173)
at org.testng.internal.MethodRunner.runInSequence(MethodRunner.java:46)
at org.testng.internal.TestInvoker$MethodInvocationAgent.invoke(TestInvoker.java:824)
at org.testng.internal.TestInvoker.invokeTestMethods(TestInvoker.java:146)
at org.testng.internal.TestMethodWorker.invokeTestMethods(TestMethodWorker.java:146)
at org.testng.internal.TestMethodWorker.run(TestMethodWorker.java:128)
at java.util.ArrayList.forEach(ArrayList.java:1249)
at org.testng.TestRunner.privateRun(TestRunner.java:794)
at org.testng.TestRunner.run(TestRunner.java:596)
at org.testng.SuiteRunner.runTest(SuiteRunner.java:377)
at org.testng.SuiteRunner.runSequentially(SuiteRunner.java:371)
at org.testng.SuiteRunner.privateRun(SuiteRunner.java:332)
at org.testng.SuiteRunner.run(SuiteRunner.java:276)
at org.testng.SuiteRunnerWorker.runSuite(SuiteRunnerWorker.java:53)
at org.testng.SuiteRunnerWorker.run(SuiteRunnerWorker.java:96)
at org.testng.TestNG.runSuitesSequentially(TestNG.java:1212)
at org.testng.TestNG.runSuitesLocally(TestNG.java:1134)
at org.testng.TestNG.runSuites(TestNG.java:1063)
at org.testng.TestNG.run(TestNG.java:1031)
at org.testng.remote.AbstractRemoteTestNG.run(AbstractRemoteTestNG.java:115)
at org.testng.remote.RemoteTestNG.initAndRun(RemoteTestNG.java:251)
at org.testng.remote.RemoteTestNG.main(RemoteTestNG.java:77)
]]>
            </full-stacktrace>
          </exception> <!-- java.lang.AssertionError -->
          <reporter-output>
          </reporter-output>
        </test-method> <!-- homePageTitleTest -->
        <test-method status="PASS" signature="tearDown()[pri:0, instance:com.testCases.HomePageTest@10d59286]" name="tearDown" is-config="true" duration-ms="1204" started-at="2022-08-16T23:26:58 IST" finished-at="2022-08-16T23:26:59 IST">
          <reporter-output>
          </reporter-output>
        </test-method> <!-- tearDown -->
        <test-method status="PASS" signature="setup()[pri:0, instance:com.testCases.HomePageTest@10d59286]" name="setup" is-config="true" duration-ms="18549" started-at="2022-08-16T23:26:59 IST" finished-at="2022-08-16T23:27:17 IST">
          <reporter-output>
          </reporter-output>
        </test-method> <!-- setup -->
        <test-method status="PASS" signature="navigateToProductDescPageTest(java.lang.String,java.lang.String)[pri:0, instance:com.testCases.HomePageTest@10d59286]" name="navigateToProductDescPageTest" duration-ms="5240" started-at="2022-08-16T23:27:17 IST" data-provider="credentials" finished-at="2022-08-16T23:27:23 IST">
          <params>
            <param index="0">
              <value>
                <![CDATA[Rahulkumar]]>
              </value>
            </param>
            <param index="1">
              <value>
                <![CDATA[Kum@r123]]>
              </value>
            </param>
          </params>
          <reporter-output>
          </reporter-output>
        </test-method> <!-- navigateToProductDescPageTest -->
        <test-method status="PASS" signature="tearDown()[pri:0, instance:com.testCases.HomePageTest@10d59286]" name="tearDown" is-config="true" duration-ms="3220" started-at="2022-08-16T23:27:23 IST" finished-at="2022-08-16T23:27:26 IST">
          <reporter-output>
          </reporter-output>
        </test-method> <!-- tearDown -->
        <test-method status="PASS" signature="setup()[pri:0, instance:com.testCases.HomePageTest@10d59286]" name="setup" is-config="true" duration-ms="13437" started-at="2022-08-16T23:27:26 IST" finished-at="2022-08-16T23:27:40 IST">
          <reporter-output>
          </reporter-output>
        </test-method> <!-- setup -->
        <test-method status="PASS" signature="noSearchProductTest(java.lang.String)[pri:0, instance:com.testCases.HomePageTest@10d59286]" name="noSearchProductTest" duration-ms="5180" started-at="2022-08-16T23:27:40 IST" description="Search Product by Brand" data-provider="searchProductDP" finished-at="2022-08-16T23:27:45 IST">
          <params>
            <param index="0">
              <value>
                <![CDATA[Sony]]>
              </value>
            </param>
          </params>
          <reporter-output>
          </reporter-output>
        </test-method> <!-- noSearchProductTest -->
        <test-method status="PASS" signature="tearDown()[pri:0, instance:com.testCases.HomePageTest@10d59286]" name="tearDown" is-config="true" duration-ms="1554" started-at="2022-08-16T23:27:45 IST" finished-at="2022-08-16T23:27:46 IST">
          <reporter-output>
          </reporter-output>
        </test-method> <!-- tearDown -->
        <test-method status="PASS" signature="setup()[pri:0, instance:com.testCases.HomePageTest@10d59286]" name="setup" is-config="true" duration-ms="15292" started-at="2022-08-16T23:27:46 IST" finished-at="2022-08-16T23:28:02 IST">
          <reporter-output>
          </reporter-output>
        </test-method> <!-- setup -->
        <test-method status="PASS" signature="noSearchProductTest(java.lang.String)[pri:0, instance:com.testCases.HomePageTest@10d59286]" name="noSearchProductTest" duration-ms="5622" started-at="2022-08-16T23:28:02 IST" description="Search Product by Brand" data-provider="searchProductDP" finished-at="2022-08-16T23:28:07 IST">
          <params>
            <param index="0">
              <value>
                <![CDATA[Apple]]>
              </value>
            </param>
          </params>
          <reporter-output>
          </reporter-output>
        </test-method> <!-- noSearchProductTest -->
        <test-method status="PASS" signature="tearDown()[pri:0, instance:com.testCases.HomePageTest@10d59286]" name="tearDown" is-config="true" duration-ms="4200" started-at="2022-08-16T23:28:07 IST" finished-at="2022-08-16T23:28:12 IST">
          <reporter-output>
          </reporter-output>
        </test-method> <!-- tearDown -->
        <test-method status="PASS" signature="setup()[pri:0, instance:com.testCases.HomePageTest@10d59286]" name="setup" is-config="true" duration-ms="8996" started-at="2022-08-16T23:28:12 IST" finished-at="2022-08-16T23:28:21 IST">
          <reporter-output>
          </reporter-output>
        </test-method> <!-- setup -->
        <test-method status="PASS" signature="noSearchProductTest(java.lang.String)[pri:0, instance:com.testCases.HomePageTest@10d59286]" name="noSearchProductTest" duration-ms="4800" started-at="2022-08-16T23:28:21 IST" description="Search Product by Brand" data-provider="searchProductDP" finished-at="2022-08-16T23:28:25 IST">
          <params>
            <param index="0">
              <value>
                <![CDATA[Canon]]>
              </value>
            </param>
          </params>
          <reporter-output>
          </reporter-output>
        </test-method> <!-- noSearchProductTest -->
        <test-method status="PASS" signature="tearDown()[pri:0, instance:com.testCases.HomePageTest@10d59286]" name="tearDown" is-config="true" duration-ms="1232" started-at="2022-08-16T23:28:25 IST" finished-at="2022-08-16T23:28:27 IST">
          <reporter-output>
          </reporter-output>
        </test-method> <!-- tearDown -->
        <test-method status="PASS" signature="setup()[pri:0, instance:com.testCases.HomePageTest@10d59286]" name="setup" is-config="true" duration-ms="9621" started-at="2022-08-16T23:28:27 IST" finished-at="2022-08-16T23:28:36 IST">
          <reporter-output>
          </reporter-output>
        </test-method> <!-- setup -->
        <test-method status="FAIL" signature="searchOptDisplayTest(java.lang.String,java.lang.String)[pri:0, instance:com.testCases.HomePageTest@10d59286]" name="searchOptDisplayTest" duration-ms="5128" started-at="2022-08-16T23:28:36 IST" data-provider="credentials" finished-at="2022-08-16T23:28:41 IST">
          <params>
            <param index="0">
              <value>
                <![CDATA[Rahulkumar]]>
              </value>
            </param>
            <param index="1">
              <value>
                <![CDATA[Kum@r123]]>
              </value>
            </param>
          </params>
          <exception class="java.lang.AssertionError">
            <message>
              <![CDATA[expected [true] but found [false]]]>
            </message>
            <full-stacktrace>
              <![CDATA[java.lang.AssertionError: expected [true] but found [false]
at org.testng.Assert.fail(Assert.java:99)
at org.testng.Assert.failNotEquals(Assert.java:1037)
at org.testng.Assert.assertTrue(Assert.java:45)
at org.testng.Assert.assertTrue(Assert.java:55)
at com.testCases.HomePageTest.searchOptDisplayTest(HomePageTest.java:60)
at sun.reflect.NativeMethodAccessorImpl.invoke0(Native Method)
at sun.reflect.NativeMethodAccessorImpl.invoke(NativeMethodAccessorImpl.java:62)
at sun.reflect.DelegatingMethodAccessorImpl.invoke(DelegatingMethodAccessorImpl.java:43)
at java.lang.reflect.Method.invoke(Method.java:498)
at org.testng.internal.MethodInvocationHelper.invokeMethod(MethodInvocationHelper.java:133)
at org.testng.internal.TestInvoker.invokeMethod(TestInvoker.java:598)
at org.testng.internal.TestInvoker.invokeTestMethod(TestInvoker.java:173)
at org.testng.internal.MethodRunner.runInSequence(MethodRunner.java:46)
at org.testng.internal.TestInvoker$MethodInvocationAgent.invoke(TestInvoker.java:824)
at org.testng.internal.TestInvoker.invokeTestMethods(TestInvoker.java:146)
at org.testng.internal.TestMethodWorker.invokeTestMethods(TestMethodWorker.java:146)
at org.testng.internal.TestMethodWorker.run(TestMethodWorker.java:128)
at java.util.ArrayList.forEach(ArrayList.java:1249)
at org.testng.TestRunner.privateRun(TestRunner.java:794)
at org.testng.TestRunner.run(TestRunner.java:596)
at org.testng.SuiteRunner.runTest(SuiteRunner.java:377)
at org.testng.SuiteRunner.runSequentially(SuiteRunner.java:371)
at org.testng.SuiteRunner.privateRun(SuiteRunner.java:332)
at org.testng.SuiteRunner.run(SuiteRunner.java:276)
at org.testng.SuiteRunnerWorker.runSuite(SuiteRunnerWorker.java:53)
at org.testng.SuiteRunnerWorker.run(SuiteRunnerWorker.java:96)
at org.testng.TestNG.runSuitesSequentially(TestNG.java:1212)
at org.testng.TestNG.runSuitesLocally(TestNG.java:1134)
at org.testng.TestNG.runSuites(TestNG.java:1063)
at org.testng.TestNG.run(TestNG.java:1031)
at org.testng.remote.AbstractRemoteTestNG.run(AbstractRemoteTestNG.java:115)
at org.testng.remote.RemoteTestNG.initAndRun(RemoteTestNG.java:251)
at org.testng.remote.RemoteTestNG.main(RemoteTestNG.java:77)
]]>
            </full-stacktrace>
          </exception> <!-- java.lang.AssertionError -->
          <reporter-output>
          </reporter-output>
        </test-method> <!-- searchOptDisplayTest -->
        <test-method status="PASS" signature="tearDown()[pri:0, instance:com.testCases.HomePageTest@10d59286]" name="tearDown" is-config="true" duration-ms="1238" started-at="2022-08-16T23:28:41 IST" finished-at="2022-08-16T23:28:43 IST">
          <reporter-output>
          </reporter-output>
        </test-method> <!-- tearDown -->
        <test-method status="PASS" signature="setup()[pri:0, instance:com.testCases.HomePageTest@10d59286]" name="setup" is-config="true" duration-ms="7807" started-at="2022-08-16T23:28:43 IST" finished-at="2022-08-16T23:28:51 IST">
          <reporter-output>
          </reporter-output>
        </test-method> <!-- setup -->
        <test-method status="FAIL" signature="shoppingCartTest(java.lang.String,java.lang.String)[pri:0, instance:com.testCases.HomePageTest@10d59286]" name="shoppingCartTest" duration-ms="4368" started-at="2022-08-16T23:28:51 IST" data-provider="credentials" finished-at="2022-08-16T23:28:55 IST">
          <params>
            <param index="0">
              <value>
                <![CDATA[Rahulkumar]]>
              </value>
            </param>
            <param index="1">
              <value>
                <![CDATA[Kum@r123]]>
              </value>
            </param>
          </params>
          <exception class="java.lang.AssertionError">
            <message>
              <![CDATA[expected [true] but found [false]]]>
            </message>
            <full-stacktrace>
              <![CDATA[java.lang.AssertionError: expected [true] but found [false]
at org.testng.Assert.fail(Assert.java:99)
at org.testng.Assert.failNotEquals(Assert.java:1037)
at org.testng.Assert.assertTrue(Assert.java:45)
at org.testng.Assert.assertTrue(Assert.java:55)
at com.testCases.HomePageTest.shoppingCartTest(HomePageTest.java:84)
at sun.reflect.NativeMethodAccessorImpl.invoke0(Native Method)
at sun.reflect.NativeMethodAccessorImpl.invoke(NativeMethodAccessorImpl.java:62)
at sun.reflect.DelegatingMethodAccessorImpl.invoke(DelegatingMethodAccessorImpl.java:43)
at java.lang.reflect.Method.invoke(Method.java:498)
at org.testng.internal.MethodInvocationHelper.invokeMethod(MethodInvocationHelper.java:133)
at org.testng.internal.TestInvoker.invokeMethod(TestInvoker.java:598)
at org.testng.internal.TestInvoker.invokeTestMethod(TestInvoker.java:173)
at org.testng.internal.MethodRunner.runInSequence(MethodRunner.java:46)
at org.testng.internal.TestInvoker$MethodInvocationAgent.invoke(TestInvoker.java:824)
at org.testng.internal.TestInvoker.invokeTestMethods(TestInvoker.java:146)
at org.testng.internal.TestMethodWorker.invokeTestMethods(TestMethodWorker.java:146)
at org.testng.internal.TestMethodWorker.run(TestMethodWorker.java:128)
at java.util.ArrayList.forEach(ArrayList.java:1249)
at org.testng.TestRunner.privateRun(TestRunner.java:794)
at org.testng.TestRunner.run(TestRunner.java:596)
at org.testng.SuiteRunner.runTest(SuiteRunner.java:377)
at org.testng.SuiteRunner.runSequentially(SuiteRunner.java:371)
at org.testng.SuiteRunner.privateRun(SuiteRunner.java:332)
at org.testng.SuiteRunner.run(SuiteRunner.java:276)
at org.testng.SuiteRunnerWorker.runSuite(SuiteRunnerWorker.java:53)
at org.testng.SuiteRunnerWorker.run(SuiteRunnerWorker.java:96)
at org.testng.TestNG.runSuitesSequentially(TestNG.java:1212)
at org.testng.TestNG.runSuitesLocally(TestNG.java:1134)
at org.testng.TestNG.runSuites(TestNG.java:1063)
at org.testng.TestNG.run(TestNG.java:1031)
at org.testng.remote.AbstractRemoteTestNG.run(AbstractRemoteTestNG.java:115)
at org.testng.remote.RemoteTestNG.initAndRun(RemoteTestNG.java:251)
at org.testng.remote.RemoteTestNG.main(RemoteTestNG.java:77)
]]>
            </full-stacktrace>
          </exception> <!-- java.lang.AssertionError -->
          <reporter-output>
          </reporter-output>
        </test-method> <!-- shoppingCartTest -->
        <test-method status="PASS" signature="tearDown()[pri:0, instance:com.testCases.HomePageTest@10d59286]" name="tearDown" is-config="true" duration-ms="1120" started-at="2022-08-16T23:28:55 IST" finished-at="2022-08-16T23:28:56 IST">
          <reporter-output>
          </reporter-output>
        </test-method> <!-- tearDown -->
        <test-method status="PASS" signature="setup()[pri:0, instance:com.testCases.HomePageTest@10d59286]" name="setup" is-config="true" duration-ms="5923" started-at="2022-08-16T23:28:56 IST" finished-at="2022-08-16T23:29:02 IST">
          <reporter-output>
          </reporter-output>
        </test-method> <!-- setup -->
        <test-method status="PASS" signature="verifyProductSearchTest(java.lang.String,java.lang.String)[pri:0, instance:com.testCases.HomePageTest@10d59286]" name="verifyProductSearchTest" duration-ms="4866" started-at="2022-08-16T23:29:02 IST" data-provider="credentials" finished-at="2022-08-16T23:29:07 IST">
          <params>
            <param index="0">
              <value>
                <![CDATA[Rahulkumar]]>
              </value>
            </param>
            <param index="1">
              <value>
                <![CDATA[Kum@r123]]>
              </value>
            </param>
          </params>
          <reporter-output>
          </reporter-output>
        </test-method> <!-- verifyProductSearchTest -->
        <test-method status="PASS" signature="tearDown()[pri:0, instance:com.testCases.HomePageTest@10d59286]" name="tearDown" is-config="true" duration-ms="1421" started-at="2022-08-16T23:29:07 IST" finished-at="2022-08-16T23:29:08 IST">
          <reporter-output>
          </reporter-output>
        </test-method> <!-- tearDown -->
        <test-method status="PASS" signature="setup()[pri:0, instance:com.testCases.HomePageTest@10d59286]" name="setup" is-config="true" duration-ms="9466" started-at="2022-08-16T23:29:08 IST" finished-at="2022-08-16T23:29:18 IST">
          <reporter-output>
          </reporter-output>
        </test-method> <!-- setup -->
        <test-method status="PASS" signature="wishListTest(java.lang.String,java.lang.String)[pri:0, instance:com.testCases.HomePageTest@10d59286]" name="wishListTest" duration-ms="2902" started-at="2022-08-16T23:29:18 IST" data-provider="credentials" finished-at="2022-08-16T23:29:21 IST">
          <params>
            <param index="0">
              <value>
                <![CDATA[Rahulkumar]]>
              </value>
            </param>
            <param index="1">
              <value>
                <![CDATA[Kum@r123]]>
              </value>
            </param>
          </params>
          <reporter-output>
          </reporter-output>
        </test-method> <!-- wishListTest -->
        <test-method status="PASS" signature="tearDown()[pri:0, instance:com.testCases.HomePageTest@10d59286]" name="tearDown" is-config="true" duration-ms="1210" started-at="2022-08-16T23:29:21 IST" finished-at="2022-08-16T23:29:22 IST">
          <reporter-output>
          </reporter-output>
        </test-method> <!-- tearDown -->
        <test-method status="PASS" signature="endReport()[pri:0, instance:com.testCases.HomePageTest@10d59286]" name="endReport" is-config="true" duration-ms="3119" started-at="2022-08-16T23:29:23 IST" finished-at="2022-08-16T23:29:26 IST">
          <reporter-output>
          </reporter-output>
        </test-method> <!-- endReport -->
      </class> <!-- com.testCases.HomePageTest -->
    </test> <!-- Default test -->
  </suite> <!-- Default suite -->
</testng-results>
