<?xml version="1.0" encoding="UTF-8"?>
<!-- Generated by org.testng.reporters.JUnitXMLReporter -->
<testsuite hostname="DESKTOP-GPQUE1Q" ignored="18" name="Test" tests="33" failures="8" timestamp="2022-08-16T22:57:14 IST" time="646.43" errors="0">
  <testcase name="goToLoginPage" time="0.71" classname="com.testCases.IndexPageTest"/>
  <testcase name="loginCredentials" time="6.656" classname="com.testCases.LoginPageTest"/>
  <testcase name="loginPageTitleTest" time="0.863" classname="com.testCases.LoginPageTest"/>
  <testcase name="logoDisplayTest" time="1.061" classname="com.testCases.LoginPageTest"/>
  <testcase name="navigateToHomePageTest" time="6.276" classname="com.testCases.LoginPageTest"/>
  <testcase name="verifyRegisterNewCustomerTest" time="16.997" classname="com.testCases.RegisterCustomerPageTest"/>
  <testcase name="addItemToCart" time="3.57" classname="com.testCases.HomePageTest"/>
  <testcase name="checkoutTest" time="3.354" classname="com.testCases.HomePageTest">
    <failure type="java.lang.AssertionError" message="expected [true] but found [false]">
      <![CDATA[java.lang.AssertionError: expected [true] but found [false]
at com.testCases.HomePageTest.checkoutTest(HomePageTest.java:97)
at java.util.ArrayList.forEach(ArrayList.java:1249)
... Removed 31 stack frames]]>
    </failure>
  </testcase> <!-- checkoutTest -->
  <testcase name="compareTest" time="5.277" classname="com.testCases.HomePageTest">
    <failure type="java.lang.AssertionError" message="expected [true] but found [false]">
      <![CDATA[java.lang.AssertionError: expected [true] but found [false]
at com.testCases.HomePageTest.compareTest(HomePageTest.java:108)
at java.util.ArrayList.forEach(ArrayList.java:1249)
... Removed 31 stack frames]]>
    </failure>
  </testcase> <!-- compareTest -->
  <testcase name="displayOfButtonsTest" time="3.865" classname="com.testCases.HomePageTest"/>
  <testcase name="homePageTitleTest" time="1.393" classname="com.testCases.HomePageTest">
    <failure type="java.lang.AssertionError" message="expected [Home] but found [Login]">
      <![CDATA[java.lang.AssertionError: expected [Home] but found [Login]
at com.testCases.HomePageTest.homePageTitleTest(HomePageTest.java:47)
at java.util.ArrayList.forEach(ArrayList.java:1249)
... Removed 33 stack frames]]>
    </failure>
  </testcase> <!-- homePageTitleTest -->
  <testcase name="navigateToProductDescPageTest" time="11.699" classname="com.testCases.HomePageTest"/>
  <testcase name="noSearchProductTest" time="5.717" classname="com.testCases.HomePageTest">
    <failure type="org.openqa.selenium.StaleElementReferenceException" message="stale element reference: element is not attached to the page document
  (Session info: chrome=104.0.5112.81)
For documentation on this error, please visit: https://www.seleniumhq.org/exceptions/stale_element_reference.html
Build info: version: &amp;apos;3.141.59&amp;apos;, revision: &amp;apos;e82be7d358&amp;apos;, time: &amp;apos;2018-11-14T08:17:03&amp;apos;
System info: host: &amp;apos;DESKTOP-GPQUE1Q&amp;apos;, ip: &amp;apos;192.168.0.101&amp;apos;, os.name: &amp;apos;Windows 10&amp;apos;, os.arch: &amp;apos;amd64&amp;apos;, os.version: &amp;apos;10.0&amp;apos;, java.version: &amp;apos;1.8.0_144&amp;apos;
Driver info: org.openqa.selenium.chrome.ChromeDriver
Capabilities {acceptInsecureCerts: false, browserName: chrome, browserVersion: 104.0.5112.81, chrome: {chromedriverVersion: 104.0.5112.79 (3cf3e8c8a07d..., userDataDir: C:\Users\Dell\AppData\Local...}, goog:chromeOptions: {debuggerAddress: localhost:53421}, javascriptEnabled: true, networkConnectionEnabled: false, pageLoadStrategy: normal, platform: WINDOWS, platformName: WINDOWS, proxy: Proxy(), setWindowRect: true, strictFileInteractability: false, timeouts: {implicit: 0, pageLoad: 300000, script: 30000}, unhandledPromptBehavior: dismiss and notify, webauthn:extension:credBlob: true, webauthn:extension:largeBlob: true, webauthn:virtualAuthenticators: true}
Session ID: 7c4aa4d13635152471efbb7ce22dedc5">
      <![CDATA[org.openqa.selenium.StaleElementReferenceException: stale element reference: element is not attached to the page document
  (Session info: chrome=104.0.5112.81)
For documentation on this error, please visit: https://www.seleniumhq.org/exceptions/stale_element_reference.html
Build info: version: '3.141.59', revision: 'e82be7d358', time: '2018-11-14T08:17:03'
System info: host: 'DESKTOP-GPQUE1Q', ip: '192.168.0.101', os.name: 'Windows 10', os.arch: 'amd64', os.version: '10.0', java.version: '1.8.0_144'
Driver info: org.openqa.selenium.chrome.ChromeDriver
Capabilities {acceptInsecureCerts: false, browserName: chrome, browserVersion: 104.0.5112.81, chrome: {chromedriverVersion: 104.0.5112.79 (3cf3e8c8a07d..., userDataDir: C:\Users\Dell\AppData\Local...}, goog:chromeOptions: {debuggerAddress: localhost:53421}, javascriptEnabled: true, networkConnectionEnabled: false, pageLoadStrategy: normal, platform: WINDOWS, platformName: WINDOWS, proxy: Proxy(), setWindowRect: true, strictFileInteractability: false, timeouts: {implicit: 0, pageLoad: 300000, script: 30000}, unhandledPromptBehavior: dismiss and notify, webauthn:extension:credBlob: true, webauthn:extension:largeBlob: true, webauthn:virtualAuthenticators: true}
Session ID: 7c4aa4d13635152471efbb7ce22dedc5
at org.openqa.selenium.remote.http.W3CHttpResponseCodec.createException(W3CHttpResponseCodec.java:187)
at org.openqa.selenium.remote.http.W3CHttpResponseCodec.decode(W3CHttpResponseCodec.java:122)
at org.openqa.selenium.remote.http.W3CHttpResponseCodec.decode(W3CHttpResponseCodec.java:49)
at org.openqa.selenium.remote.HttpCommandExecutor.execute(HttpCommandExecutor.java:158)
at org.openqa.selenium.remote.service.DriverCommandExecutor.execute(DriverCommandExecutor.java:83)
at org.openqa.selenium.remote.RemoteWebDriver.execute(RemoteWebDriver.java:552)
at org.openqa.selenium.remote.RemoteWebElement.execute(RemoteWebElement.java:285)
at org.openqa.selenium.remote.RemoteWebElement.clear(RemoteWebElement.java:124)
at org.openqa.selenium.support.pagefactory.internal.LocatingElementHandler.invoke(LocatingElementHandler.java:51)
at com.sun.proxy.$Proxy13.clear(Unknown Source)
at com.utilities.Action.type(Action.java:26)
at com.pages.HomePage.noOfSearchProduct(HomePage.java:90)
at com.testCases.HomePageTest.noSearchProductTest(HomePageTest.java:133)
at java.util.ArrayList.forEach(ArrayList.java:1249)
... Removed 34 stack frames]]>
    </failure>
  </testcase> <!-- noSearchProductTest -->
  <testcase name="noSearchProductTest" time="5.883" classname="com.testCases.HomePageTest">
    <failure type="org.openqa.selenium.StaleElementReferenceException" message="stale element reference: element is not attached to the page document
  (Session info: chrome=104.0.5112.81)
For documentation on this error, please visit: https://www.seleniumhq.org/exceptions/stale_element_reference.html
Build info: version: &amp;apos;3.141.59&amp;apos;, revision: &amp;apos;e82be7d358&amp;apos;, time: &amp;apos;2018-11-14T08:17:03&amp;apos;
System info: host: &amp;apos;DESKTOP-GPQUE1Q&amp;apos;, ip: &amp;apos;192.168.0.101&amp;apos;, os.name: &amp;apos;Windows 10&amp;apos;, os.arch: &amp;apos;amd64&amp;apos;, os.version: &amp;apos;10.0&amp;apos;, java.version: &amp;apos;1.8.0_144&amp;apos;
Driver info: org.openqa.selenium.chrome.ChromeDriver
Capabilities {acceptInsecureCerts: false, browserName: chrome, browserVersion: 104.0.5112.81, chrome: {chromedriverVersion: 104.0.5112.79 (3cf3e8c8a07d..., userDataDir: C:\Users\Dell\AppData\Local...}, goog:chromeOptions: {debuggerAddress: localhost:53446}, javascriptEnabled: true, networkConnectionEnabled: false, pageLoadStrategy: normal, platform: WINDOWS, platformName: WINDOWS, proxy: Proxy(), setWindowRect: true, strictFileInteractability: false, timeouts: {implicit: 0, pageLoad: 300000, script: 30000}, unhandledPromptBehavior: dismiss and notify, webauthn:extension:credBlob: true, webauthn:extension:largeBlob: true, webauthn:virtualAuthenticators: true}
Session ID: ed9da704974ad67bd7b9f3df2c801e0a">
      <![CDATA[org.openqa.selenium.StaleElementReferenceException: stale element reference: element is not attached to the page document
  (Session info: chrome=104.0.5112.81)
For documentation on this error, please visit: https://www.seleniumhq.org/exceptions/stale_element_reference.html
Build info: version: '3.141.59', revision: 'e82be7d358', time: '2018-11-14T08:17:03'
System info: host: 'DESKTOP-GPQUE1Q', ip: '192.168.0.101', os.name: 'Windows 10', os.arch: 'amd64', os.version: '10.0', java.version: '1.8.0_144'
Driver info: org.openqa.selenium.chrome.ChromeDriver
Capabilities {acceptInsecureCerts: false, browserName: chrome, browserVersion: 104.0.5112.81, chrome: {chromedriverVersion: 104.0.5112.79 (3cf3e8c8a07d..., userDataDir: C:\Users\Dell\AppData\Local...}, goog:chromeOptions: {debuggerAddress: localhost:53446}, javascriptEnabled: true, networkConnectionEnabled: false, pageLoadStrategy: normal, platform: WINDOWS, platformName: WINDOWS, proxy: Proxy(), setWindowRect: true, strictFileInteractability: false, timeouts: {implicit: 0, pageLoad: 300000, script: 30000}, unhandledPromptBehavior: dismiss and notify, webauthn:extension:credBlob: true, webauthn:extension:largeBlob: true, webauthn:virtualAuthenticators: true}
Session ID: ed9da704974ad67bd7b9f3df2c801e0a
at org.openqa.selenium.remote.http.W3CHttpResponseCodec.createException(W3CHttpResponseCodec.java:187)
at org.openqa.selenium.remote.http.W3CHttpResponseCodec.decode(W3CHttpResponseCodec.java:122)
at org.openqa.selenium.remote.http.W3CHttpResponseCodec.decode(W3CHttpResponseCodec.java:49)
at org.openqa.selenium.remote.HttpCommandExecutor.execute(HttpCommandExecutor.java:158)
at org.openqa.selenium.remote.service.DriverCommandExecutor.execute(DriverCommandExecutor.java:83)
at org.openqa.selenium.remote.RemoteWebDriver.execute(RemoteWebDriver.java:552)
at org.openqa.selenium.remote.RemoteWebElement.execute(RemoteWebElement.java:285)
at org.openqa.selenium.remote.RemoteWebElement.clear(RemoteWebElement.java:124)
at org.openqa.selenium.support.pagefactory.internal.LocatingElementHandler.invoke(LocatingElementHandler.java:51)
at com.sun.proxy.$Proxy13.clear(Unknown Source)
at com.utilities.Action.type(Action.java:26)
at com.pages.HomePage.noOfSearchProduct(HomePage.java:90)
at com.testCases.HomePageTest.noSearchProductTest(HomePageTest.java:133)
at java.util.ArrayList.forEach(ArrayList.java:1249)
... Removed 34 stack frames]]>
    </failure>
  </testcase> <!-- noSearchProductTest -->
  <testcase name="noSearchProductTest" time="9.171" classname="com.testCases.HomePageTest"/>
  <testcase name="searchOptDisplayTest" time="4.76" classname="com.testCases.HomePageTest">
    <failure type="java.lang.AssertionError" message="expected [true] but found [false]">
      <![CDATA[java.lang.AssertionError: expected [true] but found [false]
at com.testCases.HomePageTest.searchOptDisplayTest(HomePageTest.java:60)
at java.util.ArrayList.forEach(ArrayList.java:1249)
... Removed 31 stack frames]]>
    </failure>
  </testcase> <!-- searchOptDisplayTest -->
  <testcase name="shoppingCartTest" time="6.402" classname="com.testCases.HomePageTest">
    <failure type="java.lang.AssertionError" message="expected [true] but found [false]">
      <![CDATA[java.lang.AssertionError: expected [true] but found [false]
at com.testCases.HomePageTest.shoppingCartTest(HomePageTest.java:84)
at java.util.ArrayList.forEach(ArrayList.java:1249)
... Removed 31 stack frames]]>
    </failure>
  </testcase> <!-- shoppingCartTest -->
  <testcase name="verifyProductSearchTest" time="6.203" classname="com.testCases.HomePageTest"/>
  <testcase name="wishListTest" time="7.745" classname="com.testCases.HomePageTest">
    <failure type="java.lang.AssertionError" message="expected [true] but found [false]">
      <![CDATA[java.lang.AssertionError: expected [true] but found [false]
at com.testCases.HomePageTest.wishListTest(HomePageTest.java:72)
at java.util.ArrayList.forEach(ArrayList.java:1249)
... Removed 31 stack frames]]>
    </failure>
  </testcase> <!-- wishListTest -->
  <testcase name="navigateToCheckoutPage" time="10.747" classname="com.testCases.ProductDescPageTest"/>
  <testcase name="navigateToShoppingCartPage" time="14.547" classname="com.testCases.ProductDescPageTest"/>
  <testcase name="validateAddToCartTest" time="6.951" classname="com.testCases.ProductDescPageTest"/>
  <testcase name="writeReviewTest" time="7.451" classname="com.testCases.ProductDescPageTest"/>
  <testcase name="SearchResultPageTitleTest" time="1.223" classname="com.testCases.SearchResultPageTest"/>
  <testcase name="clickOnSearchedProductTest" time="1.77" classname="com.testCases.SearchResultPageTest"/>
  <testcase name="productAvailabilityWithoutLoginTest" time="1.034" classname="com.testCases.SearchResultPageTest"/>
  <testcase name="navigateToCheckoutPageTest" time="6.048" classname="com.testCases.ShoppingCartPageTest"/>
  <testcase name="shoppingCartPageTitleTest" time="6.999" classname="com.testCases.ShoppingCartPageTest"/>
  <testcase name="checkoutPageTitleTest" time="9.57" classname="com.testCases.CheckoutPageTest"/>
  <testcase name="fillCheckoutDetailsTest" time="14.899" classname="com.testCases.CheckoutPageTest"/>
  <testcase name="checkoutPageTitleTest" time="14.063" classname="com.testCases.ConfirmOrderPageTest"/>
  <testcase name="endToEndTest" time="14.008" classname="com.testCases.CompleteOrderPageTest"/>
  <testcase name="returnHomePageTest" time="15.27" classname="com.testCases.CompleteOrderPageTest"/>
  <testcase name="@BeforeSuite reportSetup" time="0.0" classname="com.base.TestBase">
    <ignored/>
  </testcase> <!-- @BeforeSuite reportSetup -->
  <testcase name="@BeforeSuite reportSetup" time="0.0" classname="com.base.TestBase">
    <ignored/>
  </testcase> <!-- @BeforeSuite reportSetup -->
  <testcase name="@BeforeSuite reportSetup" time="0.0" classname="com.base.TestBase">
    <ignored/>
  </testcase> <!-- @BeforeSuite reportSetup -->
  <testcase name="@BeforeSuite reportSetup" time="0.0" classname="com.base.TestBase">
    <ignored/>
  </testcase> <!-- @BeforeSuite reportSetup -->
  <testcase name="@BeforeSuite reportSetup" time="0.0" classname="com.base.TestBase">
    <ignored/>
  </testcase> <!-- @BeforeSuite reportSetup -->
  <testcase name="@BeforeSuite reportSetup" time="0.0" classname="com.base.TestBase">
    <ignored/>
  </testcase> <!-- @BeforeSuite reportSetup -->
  <testcase name="@BeforeSuite reportSetup" time="0.0" classname="com.base.TestBase">
    <ignored/>
  </testcase> <!-- @BeforeSuite reportSetup -->
  <testcase name="@BeforeSuite reportSetup" time="0.0" classname="com.base.TestBase">
    <ignored/>
  </testcase> <!-- @BeforeSuite reportSetup -->
  <testcase name="@BeforeSuite reportSetup" time="0.0" classname="com.base.TestBase">
    <ignored/>
  </testcase> <!-- @BeforeSuite reportSetup -->
  <testcase name="@AfterSuite endReport" time="0.0" classname="com.base.TestBase">
    <ignored/>
  </testcase> <!-- @AfterSuite endReport -->
  <testcase name="@AfterSuite endReport" time="0.0" classname="com.base.TestBase">
    <ignored/>
  </testcase> <!-- @AfterSuite endReport -->
  <testcase name="@AfterSuite endReport" time="0.0" classname="com.base.TestBase">
    <ignored/>
  </testcase> <!-- @AfterSuite endReport -->
  <testcase name="@AfterSuite endReport" time="0.0" classname="com.base.TestBase">
    <ignored/>
  </testcase> <!-- @AfterSuite endReport -->
  <testcase name="@AfterSuite endReport" time="0.0" classname="com.base.TestBase">
    <ignored/>
  </testcase> <!-- @AfterSuite endReport -->
  <testcase name="@AfterSuite endReport" time="0.0" classname="com.base.TestBase">
    <ignored/>
  </testcase> <!-- @AfterSuite endReport -->
  <testcase name="@AfterSuite endReport" time="0.0" classname="com.base.TestBase">
    <ignored/>
  </testcase> <!-- @AfterSuite endReport -->
  <testcase name="@AfterSuite endReport" time="0.0" classname="com.base.TestBase">
    <ignored/>
  </testcase> <!-- @AfterSuite endReport -->
  <testcase name="@AfterSuite endReport" time="0.0" classname="com.base.TestBase">
    <ignored/>
  </testcase> <!-- @AfterSuite endReport -->
</testsuite> <!-- Test -->
